<?xml version="1.0" encoding="UTF-8"?>
<!-- Generated by org.testng.reporters.JUnitReportReporter -->
<testsuite hostname="FX505DT-FX505DT" failures="0" tests="9" name="automation.testsuite.MayRuaChenBatCheckout_Tests" time="134.423" errors="0" timestamp="2025-09-21T21:31:28 GMT+07:00" skipped="0">
  <testcase classname="automation.testsuite.MayRuaChenBatCheckout_Tests" name="payment_Failed_With_Empty_Phone" time="18.863"/>
  <testcase classname="automation.testsuite.MayRuaChenBatCheckout_Tests" name="payment_Failed_With_Empty_Phone" time="12.464"/>
  <testcase classname="automation.testsuite.MayRuaChenBatCheckout_Tests" name="payment_Failed_With_Empty_Address" time="12.528"/>
  <testcase classname="automation.testsuite.MayRuaChenBatCheckout_Tests" name="payment_Failed_With_Empty_Phone" time="12.641"/>
  <testcase classname="automation.testsuite.MayRuaChenBatCheckout_Tests" name="payment_Failed_With_Empty_Address" time="12.467"/>
  <testcase classname="automation.testsuite.MayRuaChenBatCheckout_Tests" name="payment_Failed_With_Empty_Name" time="12.721"/>
  <testcase classname="automation.testsuite.MayRuaChenBatCheckout_Tests" name="payment_Failed_With_Empty_Name" time="16.350"/>
  <testcase classname="automation.testsuite.MayRuaChenBatCheckout_Tests" name="payment_Failed_With_Empty_Name" time="12.496"/>
  <testcase classname="automation.testsuite.MayRuaChenBatCheckout_Tests" name="payment_Failed_With_Empty_Address" time="23.893"/>
</testsuite> <!-- automation.testsuite.MayRuaChenBatCheckout_Tests -->
