<?xml version="1.0" encoding="UTF-8"?>
<!-- Generated by org.testng.reporters.JUnitReportReporter -->
<testsuite hostname="FX505DT-FX505DT" failures="0" tests="1" name="automation.testsuite.MayRuaChenBatDetails_Test" time="11.550" errors="0" timestamp="2025-09-18T21:40:50 GMT+07:00" skipped="0">
  <testcase classname="automation.testsuite.MayRuaChenBatDetails_Test" name="buyInstallment_Failed_With_Empty_Name" time="11.550"/>
</testsuite> <!-- automation.testsuite.MayRuaChenBatDetails_Test -->
