<?xml version="1.0" encoding="UTF-8"?>
<!-- Generated by org.testng.reporters.JUnitReportReporter -->
<testsuite hostname="DESKTOP-KPS8173" failures="0" tests="1" name="automation.testsuite.Testsuite_test" time="6.711" errors="0" timestamp="2025-09-20T03:39:33 ICT" skipped="0">
  <testcase classname="automation.testsuite.Testsuite_test" name="handleDetailProduct" time="6.711"/>
</testsuite> <!-- automation.testsuite.Testsuite_test -->
