<?xml version="1.0" encoding="UTF-8"?>
<!-- Generated by org.testng.reporters.JUnitReportReporter -->
<testsuite hostname="FX505DT-FX505DT" failures="0" tests="27" name="automation.testsuite.MayRuaChenBatDetails_Test" time="336.209" errors="0" timestamp="2025-09-21T21:31:28 GMT+07:00" skipped="0">
  <testcase classname="automation.testsuite.MayRuaChenBatDetails_Test" name="receiveConsult_Failed_With_Empty_Address" time="20.775"/>
  <testcase classname="automation.testsuite.MayRuaChenBatDetails_Test" name="buyInstallment_Failed_With_Empty_Phone" time="9.855"/>
  <testcase classname="automation.testsuite.MayRuaChenBatDetails_Test" name="receiveConsult_Failed_With_Empty_Phone" time="10.106"/>
  <testcase classname="automation.testsuite.MayRuaChenBatDetails_Test" name="receiveConsult_Failed_With_Empty_Phone" time="12.564"/>
  <testcase classname="automation.testsuite.MayRuaChenBatDetails_Test" name="buyNow_checkElement" time="15.115"/>
  <testcase classname="automation.testsuite.MayRuaChenBatDetails_Test" name="buyNow_checkElement" time="12.359"/>
  <testcase classname="automation.testsuite.MayRuaChenBatDetails_Test" name="checkBuyInstallments_openPopup" time="15.728"/>
  <testcase classname="automation.testsuite.MayRuaChenBatDetails_Test" name="receiveConsult_Failed_With_Empty_Address" time="9.733"/>
  <testcase classname="automation.testsuite.MayRuaChenBatDetails_Test" name="receiveConsult_Failed_With_Empty_Name" time="12.636"/>
  <testcase classname="automation.testsuite.MayRuaChenBatDetails_Test" name="buyInstallment_Failed_With_Empty_Name" time="12.154"/>
  <testcase classname="automation.testsuite.MayRuaChenBatDetails_Test" name="checkBuyInstallments_openPopup" time="18.840"/>
  <testcase classname="automation.testsuite.MayRuaChenBatDetails_Test" name="receiveConsult_Failed_With_Empty_Name" time="9.158"/>
  <testcase classname="automation.testsuite.MayRuaChenBatDetails_Test" name="buyInstallment_Failed_With_Empty_Name" time="12.409"/>
  <testcase classname="automation.testsuite.MayRuaChenBatDetails_Test" name="buyInstallment_Failed_With_Empty_Phone" time="9.489"/>
  <testcase classname="automation.testsuite.MayRuaChenBatDetails_Test" name="buyInstallment_Failed_With_Empty_Address" time="13.478"/>
  <testcase classname="automation.testsuite.MayRuaChenBatDetails_Test" name="receiveConsult_Failed_With_Empty_Name" time="10.282"/>
  <testcase classname="automation.testsuite.MayRuaChenBatDetails_Test" name="checkSurveyInDetails_openPopup" time="8.978"/>
  <testcase classname="automation.testsuite.MayRuaChenBatDetails_Test" name="receiveConsult_Failed_With_Empty_Phone" time="9.162"/>
  <testcase classname="automation.testsuite.MayRuaChenBatDetails_Test" name="buyInstallment_Failed_With_Empty_Address" time="20.053"/>
  <testcase classname="automation.testsuite.MayRuaChenBatDetails_Test" name="checkBuyInstallments_openPopup" time="9.366"/>
  <testcase classname="automation.testsuite.MayRuaChenBatDetails_Test" name="buyInstallment_Failed_With_Empty_Phone" time="21.957"/>
  <testcase classname="automation.testsuite.MayRuaChenBatDetails_Test" name="buyNow_checkElement" time="12.481"/>
  <testcase classname="automation.testsuite.MayRuaChenBatDetails_Test" name="buyInstallment_Failed_With_Empty_Name" time="9.776"/>
  <testcase classname="automation.testsuite.MayRuaChenBatDetails_Test" name="checkSurveyInDetails_openPopup" time="9.206"/>
  <testcase classname="automation.testsuite.MayRuaChenBatDetails_Test" name="receiveConsult_Failed_With_Empty_Address" time="9.454"/>
  <testcase classname="automation.testsuite.MayRuaChenBatDetails_Test" name="buyInstallment_Failed_With_Empty_Address" time="9.356"/>
  <testcase classname="automation.testsuite.MayRuaChenBatDetails_Test" name="checkSurveyInDetails_openPopup" time="11.739"/>
</testsuite> <!-- automation.testsuite.MayRuaChenBatDetails_Test -->
