<?xml version="1.0" encoding="UTF-8"?>
<!-- Generated by org.testng.reporters.JUnitReportReporter -->
<testsuite hostname="FX505DT-FX505DT" failures="0" tests="1" name="automation.testsuite.MayRuaChenBat_Test" time="13.197" errors="0" timestamp="2025-09-18T21:00:14 GMT+07:00" skipped="0">
  <testcase classname="automation.testsuite.MayRuaChenBat_Test" name="viewDetailsAProduct" time="13.197"/>
</testsuite> <!-- automation.testsuite.MayRuaChenBat_Test -->
