<?xml version="1.0" encoding="UTF-8"?>
<!-- Generated by org.testng.reporters.JUnitReportReporter -->
<testsuite hostname="FX505DT-FX505DT" failures="0" tests="1" name="automation.testsuite.MayRuaChenBat_Test" time="8.183" errors="0" timestamp="2025-09-16T22:40:40 GMT+07:00" skipped="0">
  <testcase classname="automation.testsuite.MayRuaChenBat_Test" name="searchByBranch" time="8.183"/>
</testsuite> <!-- automation.testsuite.MayRuaChenBat_Test -->
