<?xml version="1.0" encoding="UTF-8"?>
<!-- Generated by org.testng.reporters.JUnitReportReporter -->
<testsuite hostname="FX505DT-FX505DT" failures="0" tests="9" name="automation.testsuite.MayRuaChenBatCheckout_Tests" time="136.927" errors="0" timestamp="2025-09-20T14:33:36 GMT+07:00" skipped="0">
  <testcase classname="automation.testsuite.MayRuaChenBatCheckout_Tests" name="payment_Failed_With_Empty_Address" time="12.589"/>
  <testcase classname="automation.testsuite.MayRuaChenBatCheckout_Tests" name="payment_Failed_With_Empty_Address" time="15.901"/>
  <testcase classname="automation.testsuite.MayRuaChenBatCheckout_Tests" name="payment_Failed_With_Empty_Name" time="20.171"/>
  <testcase classname="automation.testsuite.MayRuaChenBatCheckout_Tests" name="payment_Failed_With_Empty_Phone" time="24.568"/>
  <testcase classname="automation.testsuite.MayRuaChenBatCheckout_Tests" name="payment_Failed_With_Empty_Name" time="12.364"/>
  <testcase classname="automation.testsuite.MayRuaChenBatCheckout_Tests" name="payment_Failed_With_Empty_Name" time="12.665"/>
  <testcase classname="automation.testsuite.MayRuaChenBatCheckout_Tests" name="payment_Failed_With_Empty_Phone" time="12.425"/>
  <testcase classname="automation.testsuite.MayRuaChenBatCheckout_Tests" name="payment_Failed_With_Empty_Address" time="12.497"/>
  <testcase classname="automation.testsuite.MayRuaChenBatCheckout_Tests" name="payment_Failed_With_Empty_Phone" time="13.747"/>
</testsuite> <!-- automation.testsuite.MayRuaChenBatCheckout_Tests -->
