<?xml version="1.0" encoding="UTF-8"?>
<!-- Generated by org.testng.reporters.JUnitReportReporter -->
<testsuite hostname="FX505DT-FX505DT" failures="0" tests="1" name="automation.testsuite.MayRuaChenBatCheckout_Tests" time="14.880" errors="0" timestamp="2025-09-18T22:19:25 GMT+07:00" skipped="0">
  <testcase classname="automation.testsuite.MayRuaChenBatCheckout_Tests" name="payment_Failed_With_Empty_Phone" time="14.880"/>
</testsuite> <!-- automation.testsuite.MayRuaChenBatCheckout_Tests -->
